#
# A fatal error has been detected by the Java Runtime Environment:
#
#  EXCEPTION_ACCESS_VIOLATION (0xc0000005) at pc=0x00007ffc2244e356, pid=12480, tid=6484
#
# JRE version: OpenJDK Runtime Environment (21.0.2+13) (build 21.0.2+13-58)
# Java VM: OpenJDK 64-Bit Server VM (21.0.2+13-58, mixed mode, sharing, tiered, compressed oops, compressed class ptrs, g1 gc, windows-amd64)
# Problematic frame:
# V  [jvm.dll+0x13e356]
#
# No core dump will be written. Minidumps are not enabled by default on client versions of Windows
#
# If you would like to submit a bug report, please visit:
#   https://bugreport.java.com/bugreport/crash.jsp
#

---------------  S U M M A R Y ------------

Command Line: -javaagent:C:\Program Files\JetBrains\IntelliJ IDEA 2023.3.3\lib\idea_rt.jar=57399:C:\Program Files\JetBrains\IntelliJ IDEA 2023.3.3\bin -Dfile.encoding=UTF-8 -Dsun.stdout.encoding=UTF-8 -Dsun.stderr.encoding=UTF-8 --module-path=C:\Users\Normita_Dell\.m2\repository\org\openjfx\javafx-graphics\21\javafx-graphics-21-win.jar;C:\Users\Normita_Dell\.m2\repository\org\openjfx\javafx-controls\21\javafx-controls-21-win.jar;C:\Users\Normita_Dell\.m2\repository\org\openjfx\javafx-base\21\javafx-base-21-win.jar;C:\Users\Normita_Dell\.m2\repository\org\openjfx\javafx-fxml\21\javafx-fxml-21-win.jar;C:\Users\Normita_Dell\Documents\Universidad\4 semestre\ProyectoPorga\ProyectoPorga\target\classes -Djdk.module.main=ejemplos2024.proyectoporga ejemplos2024.proyectoporga/ejemplos2024.proyectoporga.UI.InterfazAcademiaCoordinador

Host: Intel(R) Core(TM) i5-3317U CPU @ 1.70GHz, 4 cores, 7G,  Windows 11 , 64 bit Build 22621 (10.0.22621.3527)
Time: Tue Jun 11 20:01:51 2024 Hora estándar central (México) elapsed time: 4.594997 seconds (0d 0h 0m 4s)

---------------  T H R E A D  ---------------

Current thread (0x0000022c904f3140):  WorkerThread "GC Thread#2"    [id=6484, stack(0x000000fdd4a00000,0x000000fdd4b00000) (1024K)]

Stack: [0x000000fdd4a00000,0x000000fdd4b00000],  sp=0x000000fdd4aff428,  free space=1021k
Native frames: (J=compiled Java code, j=interpreted, Vv=VM code, C=native code)
V  [jvm.dll+0x13e356]


siginfo: EXCEPTION_ACCESS_VIOLATION (0xc0000005), reading address 0x0000022c4d17b7d8


Registers:
RAX=0x0000000000000001, RBX=0x0000000000000001, RCX=0x0000000088219f20, RDX=0x0000000088219f20
RSP=0x000000fdd4aff428, RBP=0x00000000000003a3, RSI=0x0000022c2e4c0340, RDI=0x0000000000000001
R8 =0x0000022c4d17b7d0, R9 =0x0000000000000001, R10=0x0000000088219f20, R11=0x0000000000000001
R12=0x0000000000000007, R13=0x0000022c4d17b7d0, R14=0x0000000088219f20, R15=0x0000022c916b21c0
RIP=0x00007ffc2244e356, EFLAGS=0x0000000000010202


Register to memory mapping:

RAX=0x0000000000000001 is an unknown value
RBX=0x0000000000000001 is an unknown value
RCX=
[error occurred during error reporting (printing register info), id 0xc0000005, EXCEPTION_ACCESS_VIOLATION (0xc0000005) at pc=0x00007ffc2244e3c1]
RDX=
[error occurred during error reporting (printing register info, attempt 2), id 0xc0000005, EXCEPTION_ACCESS_VIOLATION (0xc0000005) at pc=0x00007ffc2244e3c1]
RSP=0x000000fdd4aff428 points into unknown readable memory: 0x00007ffc22667c6b | 6b 7c 66 22 fc 7f 00 00
RBP=0x00000000000003a3 is an unknown value
RSI=0x0000022c2e4c0340 points into unknown readable memory: 0x0000000000000000 | 00 00 00 00 00 00 00 00
RDI=0x0000000000000001 is an unknown value
R8 =0x0000022c4d17b7d0 is an unknown value
R9 =0x0000000000000001 is an unknown value
R10=
[error occurred during error reporting (printing register info, attempt 3), id 0xc0000005, EXCEPTION_ACCESS_VIOLATION (0xc0000005) at pc=0x00007ffc2244e3c1]
Top of Stack: (sp=0x000000fdd4aff428)
0x000000fdd4aff428:   00007ffc22667c6b 0000000000000001
0x000000fdd4aff438:   0000000000000001 0000000086648d18
0x000000fdd4aff448:   0000000000000000 00000000868e04fc
0x000000fdd4aff458:   00007ffc22666019 0000000000000001
0x000000fdd4aff468:   0000022c2e56b240 0000022c916b21d8
0x000000fdd4aff478:   0000000000000000 0000022c916b2348
0x000000fdd4aff488:   0000000000000000 0000000000000040
0x000000fdd4aff498:   0000022c9082c660 0000000000000007
0x000000fdd4aff4a8:   0000000086648ca8 0000022c2e4c0340
0x000000fdd4aff4b8:   00000000000003a3 0000022c916b21c0
0x000000fdd4aff4c8:   00007ffc22668efa 0000022c916b0000
0x000000fdd4aff4d8:   0000000000000001 0000022c00000000
0x000000fdd4aff4e8:   0000000000000028 0000000081e51800
0x000000fdd4aff4f8:   0000000000000000 000000fdd4aff6f0
0x000000fdd4aff508:   0000000081e52610 000000fdd4aff6f0
0x000000fdd4aff518:   00007ffc226655de 0000000081e52600
0x000000fdd4aff528:   0000022c916b21c0 0000000081e50e00
0x000000fdd4aff538:   0000000000000040 0000000002b83403
0x000000fdd4aff548:   00000001c7ad1b43 0000000000000007
0x000000fdd4aff558:   000000fdd4aff6f0 0000022c2e525580
0x000000fdd4aff568:   00007ffc226726ab 0000000000000000
0x000000fdd4aff578:   0000022c2e525580 000000fdd4aff6f0
0x000000fdd4aff588:   00007ffc229d3a3f 0000000081e51800
0x000000fdd4aff598:   00000000000001c0 00007ffc22ce95f8
0x000000fdd4aff5a8:   0000000000000000 0000022c2e4b7fe0
0x000000fdd4aff5b8:   0000022c916b21c0 000000fdd4aff740
0x000000fdd4aff5c8:   00007ffc22b1a407 0000022c4a7d02e0
0x000000fdd4aff5d8:   0000022c45d002a0 0000022c2e4a9430
0x000000fdd4aff5e8:   00007ffc22674349 000000fdd4aff670
0x000000fdd4aff5f8:   00007ffc2265c3a2 0000000000000003
0x000000fdd4aff608:   0000022c45d00293 0000000000000003
0x000000fdd4aff618:   0000000000000002 0000022c2e4b7aa0 

Instructions: (pc=0x00007ffc2244e356)
0x00007ffc2244e256:   4c 63 c0 41 8b c1 48 c1 f8 10 48 63 14 19 41 8b
0x00007ffc2244e266:   c9 83 e1 3f 48 d3 e2 0f b6 c8 49 8d 04 10 49 f7
0x00007ffc2244e276:   d0 48 03 c8 49 c1 e8 03 48 c1 e9 03 49 23 c8 eb
0x00007ffc2244e286:   12 49 8b 00 48 8b d3 49 8b c8 ff 90 00 01 00 00
0x00007ffc2244e296:   48 8b c8 48 89 1f 48 8b c7 48 8b 5c 24 30 48 89
0x00007ffc2244e2a6:   4f 08 48 83 c4 20 5f c3 cc cc 0f b6 05 67 f2 a7
0x00007ffc2244e2b6:   00 48 8b d1 84 c0 74 16 44 8b 41 08 8b 0d b0 dc
0x00007ffc2244e2c6:   a7 00 49 d3 e0 4c 03 05 9e dc a7 00 eb 04 4c 8b
0x00007ffc2244e2d6:   41 08 45 8b 48 08 45 85 c9 7e 0e 41 f6 c1 01 75
0x00007ffc2244e2e6:   53 41 c1 f9 03 49 63 c1 c3 79 49 84 c0 41 b8 0c
0x00007ffc2244e2f6:   00 00 00 8b 05 b9 ed a7 00 b9 10 00 00 00 41 0f
0x00007ffc2244e306:   45 c8 ff c8 4c 63 c0 41 8b c1 48 c1 f8 10 0f b6
0x00007ffc2244e316:   c0 48 63 14 11 41 8b c9 83 e1 3f 48 d3 e2 49 8d
0x00007ffc2244e326:   0c 10 49 f7 d0 48 03 c1 49 c1 e8 03 48 c1 e8 03
0x00007ffc2244e336:   49 23 c0 c3 49 8b 00 49 8b c8 48 ff a0 00 01 00
0x00007ffc2244e346:   00 cc cc cc cc cc cc cc cc cc 4c 8b c2 48 8b d1
0x00007ffc2244e356:   45 8b 48 08 45 85 c9 7e 0e 41 f6 c1 01 75 56 41
0x00007ffc2244e366:   c1 f9 03 49 63 c1 c3 79 4c 80 3d a8 f1 a7 00 00
0x00007ffc2244e376:   b8 0c 00 00 00 b9 10 00 00 00 0f 45 c8 8b 05 2f
0x00007ffc2244e386:   ed a7 00 ff c8 4c 63 c0 41 8b c1 48 c1 f8 10 48
0x00007ffc2244e396:   63 14 11 41 8b c9 83 e1 3f 0f b6 c0 48 d3 e2 49
0x00007ffc2244e3a6:   8d 0c 10 49 f7 d0 48 03 c1 49 c1 e8 03 48 c1 e8
0x00007ffc2244e3b6:   03 49 23 c0 c3 49 8b 00 49 8b c8 48 ff a0 00 01
0x00007ffc2244e3c6:   00 00 cc cc cc cc cc cc cc cc 48 83 ec 28 ba 37
0x00007ffc2244e3d6:   00 00 00 48 8d 0d a8 89 85 00 e8 5b 29 14 00 cc
0x00007ffc2244e3e6:   cc cc cc cc cc cc cc cc cc cc 40 53 48 83 ec 20
0x00007ffc2244e3f6:   48 8b d9 49 8b c0 33 c9 45 0f b6 c1 48 89 0b 48
0x00007ffc2244e406:   89 4b 08 48 8b cb 48 89 53 10 48 8b d0 e8 a8 09
0x00007ffc2244e416:   00 00 48 8b c3 48 83 c4 20 5b c3 cc cc cc cc cc
0x00007ffc2244e426:   cc cc cc cc cc cc cc cc cc cc 40 53 48 83 ec 20
0x00007ffc2244e436:   33 c0 44 88 41 10 45 0f b6 c1 48 89 01 48 89 41
0x00007ffc2244e446:   08 48 8b d9 e8 81 0a 00 00 48 8b c3 48 83 c4 20 


Stack slot to memory mapping:

stack at sp + 0 slots: 0x00007ffc22667c6b jvm.dll
stack at sp + 1 slots: 0x0000000000000001 is an unknown value
stack at sp + 2 slots: 0x0000000000000001 is an unknown value
stack at sp + 3 slots: 0x0000000086648d18 is an oop: sun.util.locale.LocaleObjectCache$CacheEntry 
{0x0000000086648d18} - klass: 'sun/util/locale/LocaleObjectCache$CacheEntry'
 - ---- fields (total size 5 words):
 - private 'referent' 'Ljava/lang/Object;' @12  a 'sun/util/locale/BaseLocale'{0x0000000086648cf8} (0x86648cf8)
 - volatile 'queue' 'Ljava/lang/ref/ReferenceQueue;' @16  a 'java/lang/ref/ReferenceQueue'{0x0000000081e51f38} (0x81e51f38)
 - volatile 'next' 'Ljava/lang/ref/Reference;' @20  null (0x00000000)
 - private transient 'discovered' 'Ljava/lang/ref/Reference;' @24  null (0x00000000)
 - private 'timestamp' 'J' @32  79162078 (0x0000000004b7eade)
 - private 'key' 'Ljava/lang/Object;' @28  a 'sun/util/locale/BaseLocale$Key'{0x0000000086648cb0} (0x86648cb0)
stack at sp + 4 slots: 0x0 is null
stack at sp + 5 slots: 
[error occurred during error reporting (inspecting top of stack), id 0xc0000005, EXCEPTION_ACCESS_VIOLATION (0xc0000005) at pc=0x00007ffc2244e3c1]
stack at sp + 6 slots: 0x00007ffc22666019 jvm.dll
stack at sp + 7 slots: 0x0000000000000001 is an unknown value


---------------  P R O C E S S  ---------------

Threads class SMR info:
_java_thread_list=0x0000022c915c0750, length=20, elements={
0x0000022c2e4a6a60, 0x0000022c4a55a340, 0x0000022c4a55b260, 0x0000022c4a560ad0,
0x0000022c4a581640, 0x0000022c4a5850c0, 0x0000022c4a585ca0, 0x0000022c4a59c620,
0x0000022c4a59db30, 0x0000022c4a587d70, 0x0000022c4a589120, 0x0000022c4a586330,
0x0000022c4a5869c0, 0x0000022c4a587050, 0x0000022c4a5876e0, 0x0000022c4a588400,
0x0000022c4a588a90, 0x0000022c910dc2d0, 0x0000022c910dc960, 0x0000022c913b5d50
}

Java Threads: ( => current thread )
  0x0000022c2e4a6a60 JavaThread "main"                              [_thread_blocked, id=15332, stack(0x000000fdd3500000,0x000000fdd3600000) (1024K)]
  0x0000022c4a55a340 JavaThread "Reference Handler"          daemon [_thread_blocked, id=12756, stack(0x000000fdd3d00000,0x000000fdd3e00000) (1024K)]
  0x0000022c4a55b260 JavaThread "Finalizer"                  daemon [_thread_blocked, id=13496, stack(0x000000fdd3e00000,0x000000fdd3f00000) (1024K)]
  0x0000022c4a560ad0 JavaThread "Signal Dispatcher"          daemon [_thread_blocked, id=4048, stack(0x000000fdd3f00000,0x000000fdd4000000) (1024K)]
  0x0000022c4a581640 JavaThread "Attach Listener"            daemon [_thread_blocked, id=14608, stack(0x000000fdd4000000,0x000000fdd4100000) (1024K)]
  0x0000022c4a5850c0 JavaThread "Service Thread"             daemon [_thread_blocked, id=7808, stack(0x000000fdd4100000,0x000000fdd4200000) (1024K)]
  0x0000022c4a585ca0 JavaThread "Monitor Deflation Thread"   daemon [_thread_blocked, id=1244, stack(0x000000fdd4200000,0x000000fdd4300000) (1024K)]
  0x0000022c4a59c620 JavaThread "C2 CompilerThread0"         daemon [_thread_blocked, id=868, stack(0x000000fdd4300000,0x000000fdd4400000) (1024K)]
  0x0000022c4a59db30 JavaThread "C1 CompilerThread0"         daemon [_thread_blocked, id=3688, stack(0x000000fdd4400000,0x000000fdd4500000) (1024K)]
  0x0000022c4a587d70 JavaThread "Common-Cleaner"             daemon [_thread_blocked, id=7856, stack(0x000000fdd4500000,0x000000fdd4600000) (1024K)]
  0x0000022c4a589120 JavaThread "Monitor Ctrl-Break"         daemon [_thread_in_native, id=3856, stack(0x000000fdd4700000,0x000000fdd4800000) (1024K)]
  0x0000022c4a586330 JavaThread "Notification Thread"        daemon [_thread_blocked, id=14628, stack(0x000000fdd4800000,0x000000fdd4900000) (1024K)]
  0x0000022c4a5869c0 JavaThread "QuantumRenderer-0"          daemon [_thread_blocked, id=1560, stack(0x000000fdd4c00000,0x000000fdd4d00000) (1024K)]
  0x0000022c4a587050 JavaThread "InvokeLaterDispatcher"      daemon [_thread_blocked, id=11576, stack(0x000000fdd4d00000,0x000000fdd4e00000) (1024K)]
  0x0000022c4a5876e0 JavaThread "JavaFX Application Thread"         [_thread_blocked, id=5448, stack(0x000000fdd4e00000,0x000000fdd4f00000) (1024K)]
  0x0000022c4a588400 JavaThread "Thread-1"                   daemon [_thread_blocked, id=14124, stack(0x000000fdd5100000,0x000000fdd5200000) (1024K)]
  0x0000022c4a588a90 JavaThread "JavaFX-Launcher"                   [_thread_blocked, id=8712, stack(0x000000fdd5200000,0x000000fdd5300000) (1024K)]
  0x0000022c910dc2d0 JavaThread "Prism Font Disposer"        daemon [_thread_blocked, id=4736, stack(0x000000fdd5300000,0x000000fdd5400000) (1024K)]
  0x0000022c910dc960 JavaThread "mysql-cj-abandoned-connection-cleanup" daemon [_thread_blocked, id=6724, stack(0x000000fdd5500000,0x000000fdd5600000) (1024K)]
  0x0000022c913b5d50 JavaThread "C2 CompilerThread1"         daemon [_thread_blocked, id=15108, stack(0x000000fdd5400000,0x000000fdd5500000) (1024K)]
Total: 20

Other Threads:
  0x0000022c4a53b740 VMThread "VM Thread"                           [id=2260, stack(0x000000fdd3c00000,0x000000fdd3d00000) (1024K)]
  0x0000022c4a523980 WatcherThread "VM Periodic Task Thread"        [id=6008, stack(0x000000fdd3b00000,0x000000fdd3c00000) (1024K)]
  0x0000022c2e4fca00 WorkerThread "GC Thread#0"                     [id=10892, stack(0x000000fdd3600000,0x000000fdd3700000) (1024K)]
  0x0000022c90c913c0 WorkerThread "GC Thread#1"                     [id=11040, stack(0x000000fdd4900000,0x000000fdd4a00000) (1024K)]
=>0x0000022c904f3140 WorkerThread "GC Thread#2"                     [id=6484, stack(0x000000fdd4a00000,0x000000fdd4b00000) (1024K)]
  0x0000022c90a198e0 WorkerThread "GC Thread#3"                     [id=4968, stack(0x000000fdd4b00000,0x000000fdd4c00000) (1024K)]
  0x0000022c2e50d7d0 ConcurrentGCThread "G1 Main Marker"            [id=12020, stack(0x000000fdd3700000,0x000000fdd3800000) (1024K)]
  0x0000022c2e50ea70 WorkerThread "G1 Conc#0"                       [id=9560, stack(0x000000fdd3800000,0x000000fdd3900000) (1024K)]
  0x0000022c4a3e40d0 ConcurrentGCThread "G1 Refine#0"               [id=13352, stack(0x000000fdd3900000,0x000000fdd3a00000) (1024K)]
  0x0000022c4a3e5b60 ConcurrentGCThread "G1 Service"                [id=3904, stack(0x000000fdd3a00000,0x000000fdd3b00000) (1024K)]
Total: 10

Threads with active compile tasks:
Total: 0

VM state: at safepoint (normal execution)

VM Mutex/Monitor currently owned by a thread:  ([mutex/lock_event])
[0x00007ffc22f4cd68] Threads_lock - owner thread: 0x0000022c4a53b740
[0x00007ffc22f4ce68] Heap_lock - owner thread: 0x0000022c4a5876e0

Heap address: 0x0000000081e00000, size: 2018 MB, Compressed Oops mode: 32-bit

CDS archive(s) mapped at: [0x0000022c4b000000-0x0000022c4bc90000-0x0000022c4bc90000), size 13172736, SharedBaseAddress: 0x0000022c4b000000, ArchiveRelocationMode: 1.
Compressed class space mapped at: 0x0000022c4c000000-0x0000022c8c000000, reserved size: 1073741824
Narrow klass base: 0x0000022c4b000000, Narrow klass shift: 0, Narrow klass range: 0x100000000

GC Precious Log:
 CardTable entry size: 512
 Card Set container configuration: InlinePtr #cards 5 size 8 Array Of Cards #cards 12 size 40 Howl #buckets 4 coarsen threshold 1843 Howl Bitmap #cards 512 size 80 coarsen threshold 460 Card regions per heap region 1 cards per card region 2048
 CPUs: 4 total, 4 available
 Memory: 8067M
 Large Page Support: Disabled
 NUMA Support: Disabled
 Compressed Oops: Enabled (32-bit)
 Heap Region Size: 1M
 Heap Min Capacity: 8M
 Heap Initial Capacity: 128M
 Heap Max Capacity: 2018M
 Pre-touch: Disabled
 Parallel Workers: 4
 Concurrent Workers: 1
 Concurrent Refinement Workers: 4
 Periodic GC: Disabled

Heap:
 garbage-first heap   total 131072K, used 64192K [0x0000000081e00000, 0x0000000100000000)
  region size 1024K, 55 young (56320K), 10 survivors (10240K)
 Metaspace       used 21262K, committed 21504K, reserved 1114112K
  class space    used 2987K, committed 3072K, reserved 1048576K

Heap Regions: E=young(eden), S=young(survivor), O=old, HS=humongous(starts), HC=humongous(continues), CS=collection set, F=free, TAMS=top-at-mark-start, PB=parsable bottom
|   0|0x0000000081e00000, 0x0000000081f00000, 0x0000000081f00000|100%| O|  |TAMS 0x0000000081f00000| PB 0x0000000081e00000| Untracked 
|   1|0x0000000081f00000, 0x0000000082000000, 0x0000000082000000|100%| O|  |TAMS 0x0000000082000000| PB 0x0000000081f00000| Untracked 
|   2|0x0000000082000000, 0x00000000820d3458, 0x0000000082100000| 82%| O|  |TAMS 0x00000000820a82b8| PB 0x0000000082000000| Untracked 
|   3|0x0000000082100000, 0x0000000082200000, 0x0000000082200000|100%|HS|  |TAMS 0x0000000082200000| PB 0x0000000082100000| Complete 
|   4|0x0000000082200000, 0x0000000082300000, 0x0000000082300000|100%|HC|  |TAMS 0x0000000082300000| PB 0x0000000082200000| Complete 
|   5|0x0000000082300000, 0x0000000082400000, 0x0000000082400000|100%|HS|  |TAMS 0x0000000082400000| PB 0x0000000082300000| Complete 
|   6|0x0000000082400000, 0x0000000082500000, 0x0000000082500000|100%|HS|  |TAMS 0x0000000082500000| PB 0x0000000082400000| Complete 
|   7|0x0000000082500000, 0x0000000082600000, 0x0000000082600000|100%|HS|  |TAMS 0x0000000082600000| PB 0x0000000082500000| Complete 
|   8|0x0000000082600000, 0x0000000082700000, 0x0000000082700000|100%|HC|  |TAMS 0x0000000082700000| PB 0x0000000082600000| Complete 
|   9|0x0000000082700000, 0x0000000082800000, 0x0000000082800000|100%|HS|  |TAMS 0x0000000082800000| PB 0x0000000082700000| Complete 
|  10|0x0000000082800000, 0x0000000082900000, 0x0000000082900000|100%|HS|  |TAMS 0x0000000082900000| PB 0x0000000082800000| Complete 
|  11|0x0000000082900000, 0x0000000082a00000, 0x0000000082a00000|100%|HC|  |TAMS 0x0000000082a00000| PB 0x0000000082900000| Complete 
|  12|0x0000000082a00000, 0x0000000082b00000, 0x0000000082b00000|100%|HS|  |TAMS 0x0000000082b00000| PB 0x0000000082a00000| Complete 
|  13|0x0000000082b00000, 0x0000000082c00000, 0x0000000082c00000|100%|HS|  |TAMS 0x0000000082c00000| PB 0x0000000082b00000| Complete 
|  14|0x0000000082c00000, 0x0000000082d00000, 0x0000000082d00000|100%|HS|  |TAMS 0x0000000082d00000| PB 0x0000000082c00000| Complete 
|  15|0x0000000082d00000, 0x0000000082e00000, 0x0000000082e00000|100%|HC|  |TAMS 0x0000000082e00000| PB 0x0000000082d00000| Complete 
|  16|0x0000000082e00000, 0x0000000082f00000, 0x0000000082f00000|100%|HS|  |TAMS 0x0000000082f00000| PB 0x0000000082e00000| Complete 
|  17|0x0000000082f00000, 0x0000000082f00000, 0x0000000083000000|  0%| F|  |TAMS 0x0000000082f00000| PB 0x0000000082f00000| Untracked 
|  18|0x0000000083000000, 0x0000000083000000, 0x0000000083100000|  0%| F|  |TAMS 0x0000000083000000| PB 0x0000000083000000| Untracked 
|  19|0x0000000083100000, 0x0000000083100000, 0x0000000083200000|  0%| F|  |TAMS 0x0000000083100000| PB 0x0000000083100000| Untracked 
|  20|0x0000000083200000, 0x0000000083200000, 0x0000000083300000|  0%| F|  |TAMS 0x0000000083200000| PB 0x0000000083200000| Untracked 
|  21|0x0000000083300000, 0x0000000083300000, 0x0000000083400000|  0%| F|  |TAMS 0x0000000083300000| PB 0x0000000083300000| Untracked 
|  22|0x0000000083400000, 0x0000000083400000, 0x0000000083500000|  0%| F|  |TAMS 0x0000000083400000| PB 0x0000000083400000| Untracked 
|  23|0x0000000083500000, 0x0000000083500000, 0x0000000083600000|  0%| F|  |TAMS 0x0000000083500000| PB 0x0000000083500000| Untracked 
|  24|0x0000000083600000, 0x0000000083600000, 0x0000000083700000|  0%| F|  |TAMS 0x0000000083600000| PB 0x0000000083600000| Untracked 
|  25|0x0000000083700000, 0x0000000083700000, 0x0000000083800000|  0%| F|  |TAMS 0x0000000083700000| PB 0x0000000083700000| Untracked 
|  26|0x0000000083800000, 0x0000000083800000, 0x0000000083900000|  0%| F|  |TAMS 0x0000000083800000| PB 0x0000000083800000| Untracked 
|  27|0x0000000083900000, 0x0000000083900000, 0x0000000083a00000|  0%| F|  |TAMS 0x0000000083900000| PB 0x0000000083900000| Untracked 
|  28|0x0000000083a00000, 0x0000000083a00000, 0x0000000083b00000|  0%| F|  |TAMS 0x0000000083a00000| PB 0x0000000083a00000| Untracked 
|  29|0x0000000083b00000, 0x0000000083b00000, 0x0000000083c00000|  0%| F|  |TAMS 0x0000000083b00000| PB 0x0000000083b00000| Untracked 
|  30|0x0000000083c00000, 0x0000000083c00000, 0x0000000083d00000|  0%| F|  |TAMS 0x0000000083c00000| PB 0x0000000083c00000| Untracked 
|  31|0x0000000083d00000, 0x0000000083d00000, 0x0000000083e00000|  0%| F|  |TAMS 0x0000000083d00000| PB 0x0000000083d00000| Untracked 
|  32|0x0000000083e00000, 0x0000000083e00000, 0x0000000083f00000|  0%| F|  |TAMS 0x0000000083e00000| PB 0x0000000083e00000| Untracked 
|  33|0x0000000083f00000, 0x0000000083f00000, 0x0000000084000000|  0%| F|  |TAMS 0x0000000083f00000| PB 0x0000000083f00000| Untracked 
|  34|0x0000000084000000, 0x0000000084000000, 0x0000000084100000|  0%| F|  |TAMS 0x0000000084000000| PB 0x0000000084000000| Untracked 
|  35|0x0000000084100000, 0x0000000084100000, 0x0000000084200000|  0%| F|  |TAMS 0x0000000084100000| PB 0x0000000084100000| Untracked 
|  36|0x0000000084200000, 0x0000000084200000, 0x0000000084300000|  0%| F|  |TAMS 0x0000000084200000| PB 0x0000000084200000| Untracked 
|  37|0x0000000084300000, 0x0000000084300000, 0x0000000084400000|  0%| F|  |TAMS 0x0000000084300000| PB 0x0000000084300000| Untracked 
|  38|0x0000000084400000, 0x0000000084400000, 0x0000000084500000|  0%| F|  |TAMS 0x0000000084400000| PB 0x0000000084400000| Untracked 
|  39|0x0000000084500000, 0x0000000084500000, 0x0000000084600000|  0%| F|  |TAMS 0x0000000084500000| PB 0x0000000084500000| Untracked 
|  40|0x0000000084600000, 0x0000000084600000, 0x0000000084700000|  0%| F|  |TAMS 0x0000000084600000| PB 0x0000000084600000| Untracked 
|  41|0x0000000084700000, 0x0000000084700000, 0x0000000084800000|  0%| F|  |TAMS 0x0000000084700000| PB 0x0000000084700000| Untracked 
|  42|0x0000000084800000, 0x0000000084800000, 0x0000000084900000|  0%| F|  |TAMS 0x0000000084800000| PB 0x0000000084800000| Untracked 
|  43|0x0000000084900000, 0x0000000084900000, 0x0000000084a00000|  0%| F|  |TAMS 0x0000000084900000| PB 0x0000000084900000| Untracked 
|  44|0x0000000084a00000, 0x0000000084a00000, 0x0000000084b00000|  0%| F|  |TAMS 0x0000000084a00000| PB 0x0000000084a00000| Untracked 
|  45|0x0000000084b00000, 0x0000000084b00000, 0x0000000084c00000|  0%| F|  |TAMS 0x0000000084b00000| PB 0x0000000084b00000| Untracked 
|  46|0x0000000084c00000, 0x0000000084c00000, 0x0000000084d00000|  0%| F|  |TAMS 0x0000000084c00000| PB 0x0000000084c00000| Untracked 
|  47|0x0000000084d00000, 0x0000000084d00000, 0x0000000084e00000|  0%| F|  |TAMS 0x0000000084d00000| PB 0x0000000084d00000| Untracked 
|  48|0x0000000084e00000, 0x0000000084e00000, 0x0000000084f00000|  0%| F|  |TAMS 0x0000000084e00000| PB 0x0000000084e00000| Untracked 
|  49|0x0000000084f00000, 0x0000000084f00000, 0x0000000085000000|  0%| F|  |TAMS 0x0000000084f00000| PB 0x0000000084f00000| Untracked 
|  50|0x0000000085000000, 0x0000000085000000, 0x0000000085100000|  0%| F|  |TAMS 0x0000000085000000| PB 0x0000000085000000| Untracked 
|  51|0x0000000085100000, 0x0000000085100000, 0x0000000085200000|  0%| F|  |TAMS 0x0000000085100000| PB 0x0000000085100000| Untracked 
|  52|0x0000000085200000, 0x0000000085200000, 0x0000000085300000|  0%| F|  |TAMS 0x0000000085200000| PB 0x0000000085200000| Untracked 
|  53|0x0000000085300000, 0x0000000085300000, 0x0000000085400000|  0%| F|  |TAMS 0x0000000085300000| PB 0x0000000085300000| Untracked 
|  54|0x0000000085400000, 0x0000000085400000, 0x0000000085500000|  0%| F|  |TAMS 0x0000000085400000| PB 0x0000000085400000| Untracked 
|  55|0x0000000085500000, 0x0000000085500000, 0x0000000085600000|  0%| F|  |TAMS 0x0000000085500000| PB 0x0000000085500000| Untracked 
|  56|0x0000000085600000, 0x0000000085600000, 0x0000000085700000|  0%| F|  |TAMS 0x0000000085600000| PB 0x0000000085600000| Untracked 
|  57|0x0000000085700000, 0x0000000085700000, 0x0000000085800000|  0%| F|  |TAMS 0x0000000085700000| PB 0x0000000085700000| Untracked 
|  58|0x0000000085800000, 0x0000000085800000, 0x0000000085900000|  0%| F|  |TAMS 0x0000000085800000| PB 0x0000000085800000| Untracked 
|  59|0x0000000085900000, 0x0000000085900000, 0x0000000085a00000|  0%| F|  |TAMS 0x0000000085900000| PB 0x0000000085900000| Untracked 
|  60|0x0000000085a00000, 0x0000000085a00000, 0x0000000085b00000|  0%| F|  |TAMS 0x0000000085a00000| PB 0x0000000085a00000| Untracked 
|  61|0x0000000085b00000, 0x0000000085b00000, 0x0000000085c00000|  0%| F|  |TAMS 0x0000000085b00000| PB 0x0000000085b00000| Untracked 
|  62|0x0000000085c00000, 0x0000000085c00000, 0x0000000085d00000|  0%| F|  |TAMS 0x0000000085c00000| PB 0x0000000085c00000| Untracked 
|  63|0x0000000085d00000, 0x0000000085d00000, 0x0000000085e00000|  0%| F|  |TAMS 0x0000000085d00000| PB 0x0000000085d00000| Untracked 
|  64|0x0000000085e00000, 0x0000000085e00000, 0x0000000085f00000|  0%| F|  |TAMS 0x0000000085e00000| PB 0x0000000085e00000| Untracked 
|  65|0x0000000085f00000, 0x0000000085f00000, 0x0000000086000000|  0%| F|  |TAMS 0x0000000085f00000| PB 0x0000000085f00000| Untracked 
|  66|0x0000000086000000, 0x0000000086000000, 0x0000000086100000|  0%| F|  |TAMS 0x0000000086000000| PB 0x0000000086000000| Untracked 
|  67|0x0000000086100000, 0x0000000086100000, 0x0000000086200000|  0%| F|  |TAMS 0x0000000086100000| PB 0x0000000086100000| Untracked 
|  68|0x0000000086200000, 0x0000000086200000, 0x0000000086300000|  0%| F|  |TAMS 0x0000000086200000| PB 0x0000000086200000| Untracked 
|  69|0x0000000086300000, 0x0000000086300000, 0x0000000086400000|  0%| F|  |TAMS 0x0000000086300000| PB 0x0000000086300000| Untracked 
|  70|0x0000000086400000, 0x0000000086400000, 0x0000000086500000|  0%| F|  |TAMS 0x0000000086400000| PB 0x0000000086400000| Untracked 
|  71|0x0000000086500000, 0x0000000086600000, 0x0000000086600000|100%| S|  |TAMS 0x0000000086500000| PB 0x0000000086500000| Complete 
|  72|0x0000000086600000, 0x0000000086700000, 0x0000000086700000|100%| S|  |TAMS 0x0000000086600000| PB 0x0000000086600000| Complete 
|  73|0x0000000086700000, 0x0000000086800000, 0x0000000086800000|100%| S|  |TAMS 0x0000000086700000| PB 0x0000000086700000| Complete 
|  74|0x0000000086800000, 0x0000000086900000, 0x0000000086900000|100%| S|  |TAMS 0x0000000086800000| PB 0x0000000086800000| Complete 
|  75|0x0000000086900000, 0x0000000086a00000, 0x0000000086a00000|100%| S|  |TAMS 0x0000000086900000| PB 0x0000000086900000| Complete 
|  76|0x0000000086a00000, 0x0000000086b00000, 0x0000000086b00000|100%| S|  |TAMS 0x0000000086a00000| PB 0x0000000086a00000| Complete 
|  77|0x0000000086b00000, 0x0000000086c00000, 0x0000000086c00000|100%| S|  |TAMS 0x0000000086b00000| PB 0x0000000086b00000| Complete 
|  78|0x0000000086c00000, 0x0000000086d00000, 0x0000000086d00000|100%| S|  |TAMS 0x0000000086c00000| PB 0x0000000086c00000| Complete 
|  79|0x0000000086d00000, 0x0000000086e00000, 0x0000000086e00000|100%| S|  |TAMS 0x0000000086d00000| PB 0x0000000086d00000| Complete 
|  80|0x0000000086e00000, 0x0000000086f00000, 0x0000000086f00000|100%| S|  |TAMS 0x0000000086e00000| PB 0x0000000086e00000| Complete 
|  81|0x0000000086f00000, 0x0000000086fb49f0, 0x0000000087000000| 70%| E|CS|TAMS 0x0000000086f00000| PB 0x0000000086f00000| Complete 
|  82|0x0000000087000000, 0x0000000087100000, 0x0000000087100000|100%| E|CS|TAMS 0x0000000087000000| PB 0x0000000087000000| Complete 
|  83|0x0000000087100000, 0x0000000087200000, 0x0000000087200000|100%| E|CS|TAMS 0x0000000087100000| PB 0x0000000087100000| Complete 
|  84|0x0000000087200000, 0x0000000087300000, 0x0000000087300000|100%| E|CS|TAMS 0x0000000087200000| PB 0x0000000087200000| Complete 
|  85|0x0000000087300000, 0x0000000087400000, 0x0000000087400000|100%| E|CS|TAMS 0x0000000087300000| PB 0x0000000087300000| Complete 
|  86|0x0000000087400000, 0x0000000087500000, 0x0000000087500000|100%| E|CS|TAMS 0x0000000087400000| PB 0x0000000087400000| Complete 
|  87|0x0000000087500000, 0x0000000087600000, 0x0000000087600000|100%| E|CS|TAMS 0x0000000087500000| PB 0x0000000087500000| Complete 
|  88|0x0000000087600000, 0x0000000087700000, 0x0000000087700000|100%| E|CS|TAMS 0x0000000087600000| PB 0x0000000087600000| Complete 
|  89|0x0000000087700000, 0x0000000087800000, 0x0000000087800000|100%| E|CS|TAMS 0x0000000087700000| PB 0x0000000087700000| Complete 
|  90|0x0000000087800000, 0x0000000087900000, 0x0000000087900000|100%| E|CS|TAMS 0x0000000087800000| PB 0x0000000087800000| Complete 
|  91|0x0000000087900000, 0x0000000087a00000, 0x0000000087a00000|100%| E|CS|TAMS 0x0000000087900000| PB 0x0000000087900000| Complete 
|  92|0x0000000087a00000, 0x0000000087b00000, 0x0000000087b00000|100%| E|CS|TAMS 0x0000000087a00000| PB 0x0000000087a00000| Complete 
|  93|0x0000000087b00000, 0x0000000087c00000, 0x0000000087c00000|100%| E|CS|TAMS 0x0000000087b00000| PB 0x0000000087b00000| Complete 
|  94|0x0000000087c00000, 0x0000000087d00000, 0x0000000087d00000|100%| E|CS|TAMS 0x0000000087c00000| PB 0x0000000087c00000| Complete 
|  95|0x0000000087d00000, 0x0000000087e00000, 0x0000000087e00000|100%| E|CS|TAMS 0x0000000087d00000| PB 0x0000000087d00000| Complete 
|  96|0x0000000087e00000, 0x0000000087f00000, 0x0000000087f00000|100%| E|CS|TAMS 0x0000000087e00000| PB 0x0000000087e00000| Complete 
|  97|0x0000000087f00000, 0x0000000088000000, 0x0000000088000000|100%| E|CS|TAMS 0x0000000087f00000| PB 0x0000000087f00000| Complete 
|  98|0x0000000088000000, 0x0000000088100000, 0x0000000088100000|100%| E|CS|TAMS 0x0000000088000000| PB 0x0000000088000000| Complete 
|  99|0x0000000088100000, 0x0000000088200000, 0x0000000088200000|100%| E|CS|TAMS 0x0000000088100000| PB 0x0000000088100000| Complete 
| 100|0x0000000088200000, 0x0000000088300000, 0x0000000088300000|100%| E|CS|TAMS 0x0000000088200000| PB 0x0000000088200000| Complete 
| 101|0x0000000088300000, 0x0000000088400000, 0x0000000088400000|100%| E|CS|TAMS 0x0000000088300000| PB 0x0000000088300000| Complete 
| 102|0x0000000088400000, 0x0000000088500000, 0x0000000088500000|100%| E|CS|TAMS 0x0000000088400000| PB 0x0000000088400000| Complete 
| 103|0x0000000088500000, 0x0000000088600000, 0x0000000088600000|100%| E|CS|TAMS 0x0000000088500000| PB 0x0000000088500000| Complete 
| 104|0x0000000088600000, 0x0000000088700000, 0x0000000088700000|100%| E|CS|TAMS 0x0000000088600000| PB 0x0000000088600000| Complete 
| 105|0x0000000088700000, 0x0000000088753550, 0x0000000088800000| 32%| E|CS|TAMS 0x0000000088700000| PB 0x0000000088700000| Complete 
| 106|0x0000000088800000, 0x0000000088900000, 0x0000000088900000|100%| E|CS|TAMS 0x0000000088800000| PB 0x0000000088800000| Complete 
| 107|0x0000000088900000, 0x0000000088a00000, 0x0000000088a00000|100%| E|CS|TAMS 0x0000000088900000| PB 0x0000000088900000| Complete 
| 108|0x0000000088a00000, 0x0000000088b00000, 0x0000000088b00000|100%| E|CS|TAMS 0x0000000088a00000| PB 0x0000000088a00000| Complete 
| 109|0x0000000088b00000, 0x0000000088c00000, 0x0000000088c00000|100%| E|CS|TAMS 0x0000000088b00000| PB 0x0000000088b00000| Complete 
| 110|0x0000000088c00000, 0x0000000088d00000, 0x0000000088d00000|100%| E|CS|TAMS 0x0000000088c00000| PB 0x0000000088c00000| Complete 
| 111|0x0000000088d00000, 0x0000000088e00000, 0x0000000088e00000|100%| E|CS|TAMS 0x0000000088d00000| PB 0x0000000088d00000| Complete 
| 112|0x0000000088e00000, 0x0000000088f00000, 0x0000000088f00000|100%| E|CS|TAMS 0x0000000088e00000| PB 0x0000000088e00000| Complete 
| 113|0x0000000088f00000, 0x0000000089000000, 0x0000000089000000|100%| E|CS|TAMS 0x0000000088f00000| PB 0x0000000088f00000| Complete 
| 114|0x0000000089000000, 0x0000000089100000, 0x0000000089100000|100%| E|CS|TAMS 0x0000000089000000| PB 0x0000000089000000| Complete 
| 115|0x0000000089100000, 0x0000000089200000, 0x0000000089200000|100%| E|CS|TAMS 0x0000000089100000| PB 0x0000000089100000| Complete 
| 116|0x0000000089200000, 0x0000000089300000, 0x0000000089300000|100%| E|CS|TAMS 0x0000000089200000| PB 0x0000000089200000| Complete 
| 117|0x0000000089300000, 0x0000000089400000, 0x0000000089400000|100%| E|CS|TAMS 0x0000000089300000| PB 0x0000000089300000| Complete 
| 118|0x0000000089400000, 0x0000000089500000, 0x0000000089500000|100%| E|CS|TAMS 0x0000000089400000| PB 0x0000000089400000| Complete 
| 119|0x0000000089500000, 0x0000000089600000, 0x0000000089600000|100%| E|CS|TAMS 0x0000000089500000| PB 0x0000000089500000| Complete 
| 120|0x0000000089600000, 0x0000000089700000, 0x0000000089700000|100%| E|CS|TAMS 0x0000000089600000| PB 0x0000000089600000| Complete 
| 121|0x0000000089700000, 0x0000000089800000, 0x0000000089800000|100%| E|CS|TAMS 0x0000000089700000| PB 0x0000000089700000| Complete 
| 122|0x0000000089800000, 0x0000000089900000, 0x0000000089900000|100%| E|CS|TAMS 0x0000000089800000| PB 0x0000000089800000| Complete 
| 123|0x0000000089900000, 0x0000000089a00000, 0x0000000089a00000|100%| E|CS|TAMS 0x0000000089900000| PB 0x0000000089900000| Complete 
| 124|0x0000000089a00000, 0x0000000089b00000, 0x0000000089b00000|100%| E|CS|TAMS 0x0000000089a00000| PB 0x0000000089a00000| Complete 
| 125|0x0000000089b00000, 0x0000000089c00000, 0x0000000089c00000|100%| E|CS|TAMS 0x0000000089b00000| PB 0x0000000089b00000| Complete 
| 126|0x0000000089c00000, 0x0000000089d00000, 0x0000000089d00000|100%| E|CS|TAMS 0x0000000089c00000| PB 0x0000000089c00000| Complete 
| 127|0x0000000089d00000, 0x0000000089e00000, 0x0000000089e00000|100%| E|CS|TAMS 0x0000000089d00000| PB 0x0000000089d00000| Complete 

Card table byte_map: [0x0000022c45d00000,0x0000022c46100000] _byte_map_base: 0x0000022c458f1000

Marking Bits: (CMBitMap*) 0x0000022c2e4fd100
 Bits: [0x0000022c46100000, 0x0000022c48088000)

Polling page: 0x0000022c2c3d0000

Metaspace:

Usage:
  Non-class:     17.85 MB used.
      Class:      2.92 MB used.
       Both:     20.76 MB used.

Virtual space:
  Non-class space:       64.00 MB reserved,      18.00 MB ( 28%) committed,  1 nodes.
      Class space:        1.00 GB reserved,       3.00 MB ( <1%) committed,  1 nodes.
             Both:        1.06 GB reserved,      21.00 MB (  2%) committed. 

Chunk freelists:
   Non-Class:  13.95 MB
       Class:  12.94 MB
        Both:  26.89 MB

MaxMetaspaceSize: unlimited
CompressedClassSpaceSize: 1.00 GB
Initial GC threshold: 21.00 MB
Current GC threshold: 21.00 MB
CDS: on
 - commit_granule_bytes: 65536.
 - commit_granule_words: 8192.
 - virtual_space_node_default_size: 8388608.
 - enlarge_chunks_in_place: 1.
 - use_allocation_guard: 0.


Internal statistics:

num_allocs_failed_limit: 3.
num_arena_births: 210.
num_arena_deaths: 0.
num_vsnodes_births: 2.
num_vsnodes_deaths: 0.
num_space_committed: 336.
num_space_uncommitted: 0.
num_chunks_returned_to_freelist: 3.
num_chunks_taken_from_freelist: 737.
num_chunk_merges: 3.
num_chunk_splits: 543.
num_chunks_enlarged: 429.
num_inconsistent_stats: 0.

CodeHeap 'non-profiled nmethods': size=120000Kb used=960Kb max_used=960Kb free=119039Kb
 bounds [0x0000022c3e3d0000, 0x0000022c3e640000, 0x0000022c45900000]
CodeHeap 'profiled nmethods': size=120000Kb used=4764Kb max_used=4764Kb free=115236Kb
 bounds [0x0000022c36900000, 0x0000022c36db0000, 0x0000022c3de30000]
CodeHeap 'non-nmethods': size=5760Kb used=1785Kb max_used=1810Kb free=3975Kb
 bounds [0x0000022c3de30000, 0x0000022c3e0a0000, 0x0000022c3e3d0000]
 total_blobs=3233 nmethods=2431 adapters=706
 compilation: enabled
              stopped_count=0, restarted_count=0
 full_count=0

Compilation events (20 events):
Event: 4.506 Thread 0x0000022c4a59db30 2423       3       javafx.collections.ListChangeBuilder::findSubChange (84 bytes)
Event: 4.506 Thread 0x0000022c4a59db30 nmethod 2423 0x0000022c36da2b10 code [0x0000022c36da2d00, 0x0000022c36da3268]
Event: 4.506 Thread 0x0000022c4a59db30 2424       3       javafx.collections.ListChangeBuilder$SubChange::<init> (32 bytes)
Event: 4.507 Thread 0x0000022c4a59db30 nmethod 2424 0x0000022c36da3410 code [0x0000022c36da35c0, 0x0000022c36da37f0]
Event: 4.507 Thread 0x0000022c4a59db30 2426       3       javafx.scene.Node::isDirtyEmpty (10 bytes)
Event: 4.507 Thread 0x0000022c4a59db30 nmethod 2426 0x0000022c36da3890 code [0x0000022c36da3a40, 0x0000022c36da3c18]
Event: 4.507 Thread 0x0000022c4a59db30 2425       3       javafx.collections.ListChangeBuilder::finalizeSubChange (44 bytes)
Event: 4.507 Thread 0x0000022c4a59db30 nmethod 2425 0x0000022c36da3d10 code [0x0000022c36da3ee0, 0x0000022c36da4220]
Event: 4.510 Thread 0x0000022c4a59db30 2427       3       jdk.internal.org.objectweb.asm.FieldVisitor::<init> (78 bytes)
Event: 4.511 Thread 0x0000022c4a59db30 nmethod 2427 0x0000022c36da4310 code [0x0000022c36da4540, 0x0000022c36da4cf8]
Event: 4.511 Thread 0x0000022c4a59db30 2428       3       java.lang.invoke.MethodHandles::makeIdentity (23 bytes)
Event: 4.513 Thread 0x0000022c4a59db30 nmethod 2428 0x0000022c36da4f90 code [0x0000022c36da5220, 0x0000022c36da5be8]
Event: 4.513 Thread 0x0000022c4a59db30 2429       3       java.lang.invoke.LambdaForm::identityForm (27 bytes)
Event: 4.513 Thread 0x0000022c4a59db30 nmethod 2429 0x0000022c36da6010 code [0x0000022c36da61c0, 0x0000022c36da63a0]
Event: 4.513 Thread 0x0000022c4a59db30 2430       3       java.lang.invoke.MethodHandleImpl::makeIntrinsic (14 bytes)
Event: 4.514 Thread 0x0000022c4a59db30 nmethod 2430 0x0000022c36da6490 code [0x0000022c36da66a0, 0x0000022c36da6d88]
Event: 4.514 Thread 0x0000022c913b5d50 2431       4       java.lang.StringConcatHelper::prepend (37 bytes)
Event: 4.517 Thread 0x0000022c913b5d50 nmethod 2431 0x0000022c3e4bf890 code [0x0000022c3e4bfa20, 0x0000022c3e4bfbc0]
Event: 4.544 Thread 0x0000022c4a59c620 2432       4       java.lang.ClassLoader::checkName (37 bytes)
Event: 4.548 Thread 0x0000022c4a59c620 nmethod 2432 0x0000022c3e4bfd90 code [0x0000022c3e4bff20, 0x0000022c3e4c0110]

GC Heap History (5 events):
Event: 1.096 GC heap before
{Heap before GC invocations=0 (full 0):
 garbage-first heap   total 131072K, used 12288K [0x0000000081e00000, 0x0000000100000000)
  region size 1024K, 13 young (13312K), 0 survivors (0K)
 Metaspace       used 2717K, committed 2880K, reserved 1114112K
  class space    used 272K, committed 320K, reserved 1048576K
}
Event: 1.114 GC heap after
{Heap after GC invocations=1 (full 0):
 garbage-first heap   total 131072K, used 2761K [0x0000000081e00000, 0x0000000100000000)
  region size 1024K, 2 young (2048K), 2 survivors (2048K)
 Metaspace       used 2717K, committed 2880K, reserved 1114112K
  class space    used 272K, committed 320K, reserved 1048576K
}
Event: 1.818 GC heap before
{Heap before GC invocations=1 (full 0):
 garbage-first heap   total 131072K, used 21193K [0x0000000081e00000, 0x0000000100000000)
  region size 1024K, 21 young (21504K), 2 survivors (2048K)
 Metaspace       used 7441K, committed 7616K, reserved 1114112K
  class space    used 994K, committed 1088K, reserved 1048576K
}
Event: 1.823 GC heap after
{Heap after GC invocations=2 (full 0):
 garbage-first heap   total 131072K, used 4078K [0x0000000081e00000, 0x0000000100000000)
  region size 1024K, 2 young (2048K), 2 survivors (2048K)
 Metaspace       used 7441K, committed 7616K, reserved 1114112K
  class space    used 994K, committed 1088K, reserved 1048576K
}
Event: 4.553 GC heap before
{Heap before GC invocations=2 (full 0):
 garbage-first heap   total 131072K, used 62446K [0x0000000081e00000, 0x0000000100000000)
  region size 1024K, 47 young (48128K), 2 survivors (2048K)
 Metaspace       used 21262K, committed 21504K, reserved 1114112K
  class space    used 2987K, committed 3072K, reserved 1048576K
}

Dll operation events (20 events):
Event: 1.149 Loaded shared library C:\Users\Normita_Dell\.openjfx\cache\21+31\amd64\api-ms-win-crt-locale-l1-1-0.dll
Event: 1.158 Loaded shared library C:\Users\Normita_Dell\.openjfx\cache\21+31\amd64\api-ms-win-crt-math-l1-1-0.dll
Event: 1.167 Loaded shared library C:\Users\Normita_Dell\.openjfx\cache\21+31\amd64\api-ms-win-crt-multibyte-l1-1-0.dll
Event: 1.173 Loaded shared library C:\Users\Normita_Dell\.openjfx\cache\21+31\amd64\api-ms-win-crt-private-l1-1-0.dll
Event: 1.178 Loaded shared library C:\Users\Normita_Dell\.openjfx\cache\21+31\amd64\api-ms-win-crt-process-l1-1-0.dll
Event: 1.184 Loaded shared library C:\Users\Normita_Dell\.openjfx\cache\21+31\amd64\api-ms-win-crt-runtime-l1-1-0.dll
Event: 1.189 Loaded shared library C:\Users\Normita_Dell\.openjfx\cache\21+31\amd64\api-ms-win-crt-stdio-l1-1-0.dll
Event: 1.195 Loaded shared library C:\Users\Normita_Dell\.openjfx\cache\21+31\amd64\api-ms-win-crt-string-l1-1-0.dll
Event: 1.200 Loaded shared library C:\Users\Normita_Dell\.openjfx\cache\21+31\amd64\api-ms-win-crt-time-l1-1-0.dll
Event: 1.205 Loaded shared library C:\Users\Normita_Dell\.openjfx\cache\21+31\amd64\api-ms-win-crt-utility-l1-1-0.dll
Event: 1.231 Loaded shared library C:\Users\Normita_Dell\.openjfx\cache\21+31\amd64\ucrtbase.dll
Event: 1.239 Loaded shared library C:\Users\Normita_Dell\.openjfx\cache\21+31\amd64\vcruntime140.dll
Event: 1.244 Loaded shared library C:\Users\Normita_Dell\.openjfx\cache\21+31\amd64\vcruntime140_1.dll
Event: 1.259 Loaded shared library C:\Users\Normita_Dell\.openjfx\cache\21+31\amd64\msvcp140.dll
Event: 1.264 Loaded shared library C:\Users\Normita_Dell\.openjfx\cache\21+31\amd64\msvcp140_1.dll
Event: 1.271 Loaded shared library C:\Users\Normita_Dell\.openjfx\cache\21+31\amd64\msvcp140_2.dll
Event: 1.346 Loaded shared library C:\Users\Normita_Dell\.openjfx\cache\21+31\amd64\prism_d3d.dll
Event: 1.407 Loaded shared library C:\Users\Normita_Dell\.openjfx\cache\21+31\amd64\glass.dll
Event: 1.696 Loaded shared library C:\Users\Normita_Dell\.openjfx\cache\21+31\amd64\javafx_font.dll
Event: 2.632 Loaded shared library C:\Users\Normita_Dell\.jdks\openjdk-21.0.2\bin\sunmscapi.dll

Deoptimization events (20 events):
Event: 4.255 Thread 0x0000022c4a5876e0 DEOPT PACKING pc=0x0000022c3e3de738 sp=0x000000fdd4efd390
Event: 4.255 Thread 0x0000022c4a5876e0 DEOPT UNPACKING pc=0x0000022c3de846a2 sp=0x000000fdd4efd328 mode 2
Event: 4.255 Thread 0x0000022c4a5876e0 Uncommon trap: trap_request=0xffffffde fr.pc=0x0000022c3e3de738 relative=0x0000000000000198
Event: 4.255 Thread 0x0000022c4a5876e0 Uncommon trap: reason=class_check action=maybe_recompile pc=0x0000022c3e3de738 method=java.lang.String.equals(Ljava/lang/Object;)Z @ 8 c2
Event: 4.255 Thread 0x0000022c4a5876e0 DEOPT PACKING pc=0x0000022c3e3de738 sp=0x000000fdd4efd2a0
Event: 4.255 Thread 0x0000022c4a5876e0 DEOPT UNPACKING pc=0x0000022c3de846a2 sp=0x000000fdd4efd238 mode 2
Event: 4.255 Thread 0x0000022c4a5876e0 Uncommon trap: trap_request=0xffffffde fr.pc=0x0000022c3e3de738 relative=0x0000000000000198
Event: 4.255 Thread 0x0000022c4a5876e0 Uncommon trap: reason=class_check action=maybe_recompile pc=0x0000022c3e3de738 method=java.lang.String.equals(Ljava/lang/Object;)Z @ 8 c2
Event: 4.255 Thread 0x0000022c4a5876e0 DEOPT PACKING pc=0x0000022c3e3de738 sp=0x000000fdd4efd2a0
Event: 4.255 Thread 0x0000022c4a5876e0 DEOPT UNPACKING pc=0x0000022c3de846a2 sp=0x000000fdd4efd238 mode 2
Event: 4.258 Thread 0x0000022c4a5876e0 Uncommon trap: trap_request=0xffffffde fr.pc=0x0000022c3e3de738 relative=0x0000000000000198
Event: 4.258 Thread 0x0000022c4a5876e0 Uncommon trap: reason=class_check action=maybe_recompile pc=0x0000022c3e3de738 method=java.lang.String.equals(Ljava/lang/Object;)Z @ 8 c2
Event: 4.258 Thread 0x0000022c4a5876e0 DEOPT PACKING pc=0x0000022c3e3de738 sp=0x000000fdd4efc720
Event: 4.258 Thread 0x0000022c4a5876e0 DEOPT UNPACKING pc=0x0000022c3de846a2 sp=0x000000fdd4efc6b8 mode 2
Event: 4.416 Thread 0x0000022c4a5876e0 Uncommon trap: trap_request=0xffffff45 fr.pc=0x0000022c3e453bb4 relative=0x0000000000001294
Event: 4.416 Thread 0x0000022c4a5876e0 Uncommon trap: reason=unstable_if action=reinterpret pc=0x0000022c3e453bb4 method=java.util.Properties.loadConvert([CIILjava/lang/StringBuilder;)Ljava/lang/String; @ 105 c2
Event: 4.416 Thread 0x0000022c4a5876e0 DEOPT PACKING pc=0x0000022c3e453bb4 sp=0x000000fdd4efc580
Event: 4.416 Thread 0x0000022c4a5876e0 DEOPT UNPACKING pc=0x0000022c3de846a2 sp=0x000000fdd4efc570 mode 2
Event: 4.417 Thread 0x0000022c4a5876e0 DEOPT PACKING pc=0x0000022c36b76cf9 sp=0x000000fdd4efc560
Event: 4.417 Thread 0x0000022c4a5876e0 DEOPT UNPACKING pc=0x0000022c3de84e42 sp=0x000000fdd4efba58 mode 0

Classes loaded (20 events):
Event: 3.923 Loading class java/time/DateTimeException done
Event: 3.923 Loading class java/time/format/DateTimeParseException done
Event: 3.948 Loading class java/util/ConcurrentModificationException
Event: 3.948 Loading class java/util/ConcurrentModificationException done
Event: 4.010 Loading class jdk/internal/logger/LoggerFinderLoader
Event: 4.010 Loading class jdk/internal/logger/LoggerFinderLoader done
Event: 4.010 Loading class java/io/FilePermission$1
Event: 4.010 Loading class jdk/internal/access/JavaIOFilePermissionAccess
Event: 4.010 Loading class jdk/internal/access/JavaIOFilePermissionAccess done
Event: 4.010 Loading class java/io/FilePermission$1 done
Event: 4.011 Loading class jdk/internal/logger/LoggerFinderLoader$TemporaryLoggerFinder
Event: 4.011 Loading class jdk/internal/logger/LoggerFinderLoader$TemporaryLoggerFinder done
Event: 4.017 Loading class sun/util/logging/internal/LoggingProviderImpl$JULWrapper
Event: 4.017 Loading class sun/util/logging/internal/LoggingProviderImpl$JULWrapper done
Event: 4.044 Loading class java/io/CharArrayReader
Event: 4.044 Loading class java/io/CharArrayReader done
Event: 4.118 Loading class java/util/ResourceBundle$3
Event: 4.118 Loading class java/util/ResourceBundle$3 done
Event: 4.233 Loading class jdk/jfr/FlightRecorder
Event: 4.233 Loading class jdk/jfr/FlightRecorder done

Classes unloaded (0 events):
No events

Classes redefined (0 events):
No events

Internal exceptions (20 events):
Event: 2.253 Thread 0x0000022c4a5876e0 Exception <a 'sun/nio/fs/WindowsException'{0x000000008920bb08}> (0x000000008920bb08) 
thrown [s\open\src\hotspot\share\prims\jni.cpp, line 520]
Event: 2.309 Thread 0x0000022c4a5876e0 Exception <a 'sun/nio/fs/WindowsException'{0x0000000089265160}> (0x0000000089265160) 
thrown [s\open\src\hotspot\share\prims\jni.cpp, line 520]
Event: 2.310 Thread 0x0000022c4a5876e0 Exception <a 'sun/nio/fs/WindowsException'{0x0000000089266800}> (0x0000000089266800) 
thrown [s\open\src\hotspot\share\prims\jni.cpp, line 520]
Event: 2.325 Thread 0x0000022c4a5876e0 Exception <a 'java/lang/NoSuchMethodError'{0x0000000089279460}: 'java.lang.Object java.lang.invoke.DirectMethodHandle$Holder.invokeVirtual(java.lang.Object, java.lang.Object, java.lang.Object)'> (0x0000000089279460) 
thrown [s\open\src\hotspot\share\interpreter\linkResolver.cpp, line 773]
Event: 2.454 Thread 0x0000022c4a5876e0 Exception <a 'sun/nio/fs/WindowsException'{0x0000000088f646a0}> (0x0000000088f646a0) 
thrown [s\open\src\hotspot\share\prims\jni.cpp, line 520]
Event: 2.596 Thread 0x0000022c4a5876e0 Exception <a 'sun/nio/fs/WindowsException'{0x0000000088dd5530}> (0x0000000088dd5530) 
thrown [s\open\src\hotspot\share\prims\jni.cpp, line 520]
Event: 2.729 Thread 0x0000022c4a5876e0 Exception <a 'sun/nio/fs/WindowsException'{0x0000000088ce3458}> (0x0000000088ce3458) 
thrown [s\open\src\hotspot\share\prims\jni.cpp, line 520]
Event: 2.743 Thread 0x0000022c4a5876e0 Exception <a 'sun/nio/fs/WindowsException'{0x0000000088cf01e8}> (0x0000000088cf01e8) 
thrown [s\open\src\hotspot\share\prims\jni.cpp, line 520]
Event: 2.815 Thread 0x0000022c4a5876e0 Exception <a 'java/lang/NoSuchMethodError'{0x0000000088b8e3b8}: 'java.lang.Object java.lang.invoke.DirectMethodHandle$Holder.invokeStaticInit(java.lang.Object, int, int, int, int)'> (0x0000000088b8e3b8) 
thrown [s\open\src\hotspot\share\interpreter\linkResolver.cpp, line 773]
Event: 2.859 Thread 0x0000022c4a5876e0 Exception <a 'java/lang/NoSuchMethodError'{0x0000000088a2c390}: 'java.lang.Object java.lang.invoke.DirectMethodHandle$Holder.invokeStaticInit(java.lang.Object, java.lang.Object, int, int, int, int)'> (0x0000000088a2c390) 
thrown [s\open\src\hotspot\share\interpreter\linkResolver.cpp, line 773]
Event: 3.240 Thread 0x0000022c4a5876e0 Exception <a 'sun/nio/fs/WindowsException'{0x00000000889c7418}> (0x00000000889c7418) 
thrown [s\open\src\hotspot\share\prims\jni.cpp, line 520]
Event: 4.023 Thread 0x0000022c4a5876e0 Implicit null exception at 0x0000022c3e3f1e66 to 0x0000022c3e3f1f0a
Event: 4.031 Thread 0x0000022c4a5876e0 Implicit null exception at 0x0000022c3e44143a to 0x0000022c3e441680
Event: 4.035 Thread 0x0000022c4a5876e0 Implicit null exception at 0x0000022c3e43edba to 0x0000022c3e43eff8
Event: 4.035 Thread 0x0000022c4a5876e0 Implicit null exception at 0x0000022c3e3f17bd to 0x0000022c3e3f1841
Event: 4.292 Thread 0x0000022c4a5876e0 Exception <a 'java/lang/IncompatibleClassChangeError'{0x000000008767f968}: Found class java.lang.Object, but interface was expected> (0x000000008767f968) 
thrown [s\open\src\hotspot\share\interpreter\linkResolver.cpp, line 840]
Event: 4.414 Thread 0x0000022c4a5876e0 Exception <a 'java/lang/ClassNotFoundException'{0x0000000087347b58}: com/sun/javafx/scene/control/skin/resources/controls> (0x0000000087347b58) 
thrown [s\open\src\hotspot\share\prims\jni.cpp, line 539]
Event: 4.416 Thread 0x0000022c4a5876e0 Exception <a 'java/lang/ClassNotFoundException'{0x0000000087355d58}: com/sun/javafx/scene/control/skin/resources/controls_es> (0x0000000087355d58) 
thrown [s\open\src\hotspot\share\prims\jni.cpp, line 539]
Event: 4.418 Thread 0x0000022c4a5876e0 Exception <a 'java/lang/ClassNotFoundException'{0x0000000087363780}: com/sun/javafx/scene/control/skin/resources/controls_es_MX> (0x0000000087363780) 
thrown [s\open\src\hotspot\share\prims\jni.cpp, line 539]
Event: 4.500 Thread 0x0000022c4a5876e0 Exception <a 'java/lang/NoSuchMethodError'{0x0000000087100528}: 'void java.lang.invoke.DirectMethodHandle$Holder.invokeSpecial(java.lang.Object, java.lang.Object, java.lang.Object, java.lang.Object, java.lang.Object, java.lang.Object)'> (0x0000000087100528) 
thrown [s\open\src\hotspot\share\interpreter\linkResolver.cpp, line 773]

ZGC Phase Switch (0 events):
No events

VM Operations (20 events):
Event: 1.823 Executing VM operation: G1CollectForAllocation (G1 Evacuation Pause) done
Event: 1.869 Executing VM operation: HandshakeAllThreads (Deoptimize)
Event: 1.869 Executing VM operation: HandshakeAllThreads (Deoptimize) done
Event: 2.206 Executing VM operation: HandshakeAllThreads (Deoptimize)
Event: 2.206 Executing VM operation: HandshakeAllThreads (Deoptimize) done
Event: 2.314 Executing VM operation: HandshakeAllThreads (Deoptimize)
Event: 2.314 Executing VM operation: HandshakeAllThreads (Deoptimize) done
Event: 2.744 Executing VM operation: HandshakeAllThreads (Deoptimize)
Event: 2.744 Executing VM operation: HandshakeAllThreads (Deoptimize) done
Event: 2.785 Executing VM operation: HandshakeAllThreads (Deoptimize)
Event: 2.785 Executing VM operation: HandshakeAllThreads (Deoptimize) done
Event: 2.809 Executing VM operation: ICBufferFull
Event: 2.809 Executing VM operation: ICBufferFull done
Event: 3.224 Executing VM operation: HandshakeAllThreads (Deoptimize)
Event: 3.224 Executing VM operation: HandshakeAllThreads (Deoptimize) done
Event: 4.225 Executing VM operation: Cleanup
Event: 4.225 Executing VM operation: Cleanup done
Event: 4.496 Executing VM operation: HandshakeAllThreads (Deoptimize)
Event: 4.496 Executing VM operation: HandshakeAllThreads (Deoptimize) done
Event: 4.553 Executing VM operation: CollectForMetadataAllocation (Metadata GC Threshold)

Events (20 events):
Event: 0.114 Thread 0x0000022c4a581640 Thread added: 0x0000022c4a581640
Event: 0.114 Thread 0x0000022c4a5850c0 Thread added: 0x0000022c4a5850c0
Event: 0.114 Thread 0x0000022c4a585ca0 Thread added: 0x0000022c4a585ca0
Event: 0.114 Thread 0x0000022c4a59c620 Thread added: 0x0000022c4a59c620
Event: 0.114 Thread 0x0000022c4a59db30 Thread added: 0x0000022c4a59db30
Event: 0.189 Thread 0x0000022c4a587d70 Thread added: 0x0000022c4a587d70
Event: 0.285 Thread 0x0000022c4a8daec0 Thread added: 0x0000022c4a8daec0
Event: 0.596 Thread 0x0000022c4a589120 Thread added: 0x0000022c4a589120
Event: 0.596 Thread 0x0000022c4a586330 Thread added: 0x0000022c4a586330
Event: 1.332 Thread 0x0000022c4a5869c0 Thread added: 0x0000022c4a5869c0
Event: 1.411 Thread 0x0000022c4a587050 Thread added: 0x0000022c4a587050
Event: 1.418 Thread 0x0000022c4a5876e0 Thread added: 0x0000022c4a5876e0
Event: 1.432 Thread 0x0000022c4a8daec0 Thread exited: 0x0000022c4a8daec0
Event: 1.519 Thread 0x0000022c4a588400 Thread added: 0x0000022c4a588400
Event: 1.553 Thread 0x0000022c4a588a90 Thread added: 0x0000022c4a588a90
Event: 1.742 Thread 0x0000022c910dc2d0 Thread added: 0x0000022c910dc2d0
Event: 1.900 Thread 0x0000022c90b05510 Thread added: 0x0000022c90b05510
Event: 2.183 Thread 0x0000022c910dc960 Thread added: 0x0000022c910dc960
Event: 4.192 Thread 0x0000022c90b05510 Thread exited: 0x0000022c90b05510
Event: 4.327 Thread 0x0000022c913b5d50 Thread added: 0x0000022c913b5d50


Dynamic libraries:
0x00007ff6bdeb0000 - 0x00007ff6bdebe000 	C:\Users\Normita_Dell\.jdks\openjdk-21.0.2\bin\java.exe
0x00007ffc5af90000 - 0x00007ffc5b1a7000 	C:\Windows\SYSTEM32\ntdll.dll
0x00007ffc5a770000 - 0x00007ffc5a834000 	C:\Windows\System32\KERNEL32.DLL
0x00007ffc58440000 - 0x00007ffc587e7000 	C:\Windows\System32\KERNELBASE.dll
0x00007ffc58ba0000 - 0x00007ffc58cb1000 	C:\Windows\System32\ucrtbase.dll
0x00007ffc54cf0000 - 0x00007ffc54d08000 	C:\Users\Normita_Dell\.jdks\openjdk-21.0.2\bin\jli.dll
0x00007ffc54cd0000 - 0x00007ffc54ceb000 	C:\Users\Normita_Dell\.jdks\openjdk-21.0.2\bin\VCRUNTIME140.dll
0x00007ffc5a950000 - 0x00007ffc5aafe000 	C:\Windows\System32\USER32.dll
0x00007ffc588a0000 - 0x00007ffc588c6000 	C:\Windows\System32\win32u.dll
0x00007ffc41bd0000 - 0x00007ffc41e63000 	C:\Windows\WinSxS\amd64_microsoft.windows.common-controls_6595b64144ccf1df_6.0.22621.3527_none_270e469b73872a76\COMCTL32.dll
0x00007ffc5a8c0000 - 0x00007ffc5a8e9000 	C:\Windows\System32\GDI32.dll
0x00007ffc5adb0000 - 0x00007ffc5ae57000 	C:\Windows\System32\msvcrt.dll
0x00007ffc58320000 - 0x00007ffc58439000 	C:\Windows\System32\gdi32full.dll
0x00007ffc588d0000 - 0x00007ffc5896a000 	C:\Windows\System32\msvcp_win.dll
0x00007ffc58cc0000 - 0x00007ffc58cf1000 	C:\Windows\System32\IMM32.DLL
0x00007ffc54d70000 - 0x00007ffc54d7c000 	C:\Users\Normita_Dell\.jdks\openjdk-21.0.2\bin\vcruntime140_1.dll
0x00007ffc4e960000 - 0x00007ffc4e9ee000 	C:\Users\Normita_Dell\.jdks\openjdk-21.0.2\bin\msvcp140.dll
0x00007ffc22310000 - 0x00007ffc23027000 	C:\Users\Normita_Dell\.jdks\openjdk-21.0.2\bin\server\jvm.dll
0x00007ffc59f90000 - 0x00007ffc5a042000 	C:\Windows\System32\ADVAPI32.dll
0x00007ffc5a680000 - 0x00007ffc5a728000 	C:\Windows\System32\sechost.dll
0x00007ffc58870000 - 0x00007ffc58898000 	C:\Windows\System32\bcrypt.dll
0x00007ffc58d00000 - 0x00007ffc58e15000 	C:\Windows\System32\RPCRT4.dll
0x00007ffc59ca0000 - 0x00007ffc59d11000 	C:\Windows\System32\WS2_32.dll
0x00007ffc58170000 - 0x00007ffc581bd000 	C:\Windows\SYSTEM32\POWRPROF.dll
0x00007ffc513c0000 - 0x00007ffc513f4000 	C:\Windows\SYSTEM32\WINMM.dll
0x00007ffc48c30000 - 0x00007ffc48c3a000 	C:\Windows\SYSTEM32\VERSION.dll
0x00007ffc58150000 - 0x00007ffc58163000 	C:\Windows\SYSTEM32\UMPDC.dll
0x00007ffc572d0000 - 0x00007ffc572e8000 	C:\Windows\SYSTEM32\kernel.appcore.dll
0x00007ffc53630000 - 0x00007ffc5363a000 	C:\Users\Normita_Dell\.jdks\openjdk-21.0.2\bin\jimage.dll
0x00007ffc46720000 - 0x00007ffc46952000 	C:\Windows\SYSTEM32\DBGHELP.DLL
0x00007ffc58e90000 - 0x00007ffc59218000 	C:\Windows\System32\combase.dll
0x00007ffc5ae70000 - 0x00007ffc5af47000 	C:\Windows\System32\OLEAUT32.dll
0x00007ffc45a00000 - 0x00007ffc45a32000 	C:\Windows\SYSTEM32\dbgcore.DLL
0x00007ffc587f0000 - 0x00007ffc58869000 	C:\Windows\System32\bcryptPrimitives.dll
0x00007ffc54d90000 - 0x00007ffc54d9f000 	C:\Users\Normita_Dell\.jdks\openjdk-21.0.2\bin\instrument.dll
0x00007ffc530f0000 - 0x00007ffc5310f000 	C:\Users\Normita_Dell\.jdks\openjdk-21.0.2\bin\java.dll
0x00007ffc593e0000 - 0x00007ffc59c3c000 	C:\Windows\System32\SHELL32.dll
0x00007ffc561f0000 - 0x00007ffc56ae6000 	C:\Windows\SYSTEM32\windows.storage.dll
0x00007ffc560b0000 - 0x00007ffc561ee000 	C:\Windows\SYSTEM32\wintypes.dll
0x00007ffc5ab00000 - 0x00007ffc5abf5000 	C:\Windows\System32\SHCORE.dll
0x00007ffc59e90000 - 0x00007ffc59eee000 	C:\Windows\System32\shlwapi.dll
0x00007ffc581e0000 - 0x00007ffc58201000 	C:\Windows\SYSTEM32\profapi.dll
0x00007ffc24cf0000 - 0x00007ffc24dc7000 	C:\Users\Normita_Dell\.jdks\openjdk-21.0.2\bin\jsvml.dll
0x00007ffc530e0000 - 0x00007ffc530f0000 	C:\Users\Normita_Dell\.jdks\openjdk-21.0.2\bin\net.dll
0x00007ffc511c0000 - 0x00007ffc512f6000 	C:\Windows\SYSTEM32\WINHTTP.dll
0x00007ffc57740000 - 0x00007ffc577a9000 	C:\Windows\system32\mswsock.dll
0x00007ffc530c0000 - 0x00007ffc530d6000 	C:\Users\Normita_Dell\.jdks\openjdk-21.0.2\bin\nio.dll
0x00007ffc51680000 - 0x00007ffc51698000 	C:\Users\Normita_Dell\.jdks\openjdk-21.0.2\bin\zip.dll
0x00007ffc3efb0000 - 0x00007ffc3efca000 	C:\Program Files\JetBrains\IntelliJ IDEA 2023.3.3\bin\breakgen64.dll
0x0000022c2c4a0000 - 0x0000022c2c4a3000 	C:\Users\Normita_Dell\.openjfx\cache\21+31\amd64\api-ms-win-core-console-l1-1-0.dll
0x0000022c2c4b0000 - 0x0000022c2c4b3000 	C:\Users\Normita_Dell\.openjfx\cache\21+31\amd64\api-ms-win-core-console-l1-2-0.dll
0x0000022c2e3c0000 - 0x0000022c2e3c3000 	C:\Users\Normita_Dell\.openjfx\cache\21+31\amd64\api-ms-win-core-datetime-l1-1-0.dll
0x0000022c2e3d0000 - 0x0000022c2e3d3000 	C:\Users\Normita_Dell\.openjfx\cache\21+31\amd64\api-ms-win-core-debug-l1-1-0.dll
0x0000022c2e3e0000 - 0x0000022c2e3e3000 	C:\Users\Normita_Dell\.openjfx\cache\21+31\amd64\api-ms-win-core-errorhandling-l1-1-0.dll
0x0000022c2e3f0000 - 0x0000022c2e3f4000 	C:\Users\Normita_Dell\.openjfx\cache\21+31\amd64\api-ms-win-core-file-l1-1-0.dll
0x0000022c2e400000 - 0x0000022c2e403000 	C:\Users\Normita_Dell\.openjfx\cache\21+31\amd64\api-ms-win-core-file-l1-2-0.dll
0x0000022c2e410000 - 0x0000022c2e413000 	C:\Users\Normita_Dell\.openjfx\cache\21+31\amd64\api-ms-win-core-file-l2-1-0.dll
0x0000022c2e420000 - 0x0000022c2e423000 	C:\Users\Normita_Dell\.openjfx\cache\21+31\amd64\api-ms-win-core-handle-l1-1-0.dll
0x0000022c2e430000 - 0x0000022c2e433000 	C:\Users\Normita_Dell\.openjfx\cache\21+31\amd64\api-ms-win-core-heap-l1-1-0.dll
0x0000022c2e440000 - 0x0000022c2e443000 	C:\Users\Normita_Dell\.openjfx\cache\21+31\amd64\api-ms-win-core-interlocked-l1-1-0.dll
0x0000022c2e450000 - 0x0000022c2e453000 	C:\Users\Normita_Dell\.openjfx\cache\21+31\amd64\api-ms-win-core-libraryloader-l1-1-0.dll
0x0000022c2e460000 - 0x0000022c2e463000 	C:\Users\Normita_Dell\.openjfx\cache\21+31\amd64\api-ms-win-core-localization-l1-2-0.dll
0x0000022c4aaf0000 - 0x0000022c4aaf3000 	C:\Users\Normita_Dell\.openjfx\cache\21+31\amd64\api-ms-win-core-memory-l1-1-0.dll
0x0000022c4ab00000 - 0x0000022c4ab03000 	C:\Users\Normita_Dell\.openjfx\cache\21+31\amd64\api-ms-win-core-namedpipe-l1-1-0.dll
0x0000022c4ab10000 - 0x0000022c4ab13000 	C:\Users\Normita_Dell\.openjfx\cache\21+31\amd64\api-ms-win-core-processenvironment-l1-1-0.dll
0x0000022c4ab20000 - 0x0000022c4ab23000 	C:\Users\Normita_Dell\.openjfx\cache\21+31\amd64\api-ms-win-core-processthreads-l1-1-0.dll
0x0000022c4ab30000 - 0x0000022c4ab33000 	C:\Users\Normita_Dell\.openjfx\cache\21+31\amd64\api-ms-win-core-processthreads-l1-1-1.dll
0x0000022c4ab40000 - 0x0000022c4ab43000 	C:\Users\Normita_Dell\.openjfx\cache\21+31\amd64\api-ms-win-core-profile-l1-1-0.dll
0x0000022c4ab50000 - 0x0000022c4ab53000 	C:\Users\Normita_Dell\.openjfx\cache\21+31\amd64\api-ms-win-core-rtlsupport-l1-1-0.dll
0x0000022c4ab80000 - 0x0000022c4ab83000 	C:\Users\Normita_Dell\.openjfx\cache\21+31\amd64\api-ms-win-core-string-l1-1-0.dll
0x0000022c4ab60000 - 0x0000022c4ab63000 	C:\Users\Normita_Dell\.openjfx\cache\21+31\amd64\api-ms-win-core-synch-l1-1-0.dll
0x0000022c4ab70000 - 0x0000022c4ab73000 	C:\Users\Normita_Dell\.openjfx\cache\21+31\amd64\api-ms-win-core-synch-l1-2-0.dll
0x0000022c4ab90000 - 0x0000022c4ab93000 	C:\Users\Normita_Dell\.openjfx\cache\21+31\amd64\api-ms-win-core-sysinfo-l1-1-0.dll
0x0000022c4aba0000 - 0x0000022c4aba3000 	C:\Users\Normita_Dell\.openjfx\cache\21+31\amd64\api-ms-win-core-timezone-l1-1-0.dll
0x0000022c4abb0000 - 0x0000022c4abb3000 	C:\Users\Normita_Dell\.openjfx\cache\21+31\amd64\api-ms-win-core-util-l1-1-0.dll
0x0000022c4abc0000 - 0x0000022c4abc3000 	C:\Users\Normita_Dell\.openjfx\cache\21+31\amd64\api-ms-win-crt-conio-l1-1-0.dll
0x0000022c4abd0000 - 0x0000022c4abd4000 	C:\Users\Normita_Dell\.openjfx\cache\21+31\amd64\api-ms-win-crt-convert-l1-1-0.dll
0x0000022c4ac00000 - 0x0000022c4ac03000 	C:\Users\Normita_Dell\.openjfx\cache\21+31\amd64\api-ms-win-crt-environment-l1-1-0.dll
0x0000022c4ac10000 - 0x0000022c4ac13000 	C:\Users\Normita_Dell\.openjfx\cache\21+31\amd64\api-ms-win-crt-filesystem-l1-1-0.dll
0x0000022c4ac20000 - 0x0000022c4ac23000 	C:\Users\Normita_Dell\.openjfx\cache\21+31\amd64\api-ms-win-crt-heap-l1-1-0.dll
0x0000022c4ac30000 - 0x0000022c4ac33000 	C:\Users\Normita_Dell\.openjfx\cache\21+31\amd64\api-ms-win-crt-locale-l1-1-0.dll
0x0000022c4ac40000 - 0x0000022c4ac45000 	C:\Users\Normita_Dell\.openjfx\cache\21+31\amd64\api-ms-win-crt-math-l1-1-0.dll
0x0000022c4abe0000 - 0x0000022c4abe5000 	C:\Users\Normita_Dell\.openjfx\cache\21+31\amd64\api-ms-win-crt-multibyte-l1-1-0.dll
0x0000022c4abf0000 - 0x0000022c4ac00000 	C:\Users\Normita_Dell\.openjfx\cache\21+31\amd64\api-ms-win-crt-private-l1-1-0.dll
0x0000022c4ac50000 - 0x0000022c4ac53000 	C:\Users\Normita_Dell\.openjfx\cache\21+31\amd64\api-ms-win-crt-process-l1-1-0.dll
0x0000022c4ac60000 - 0x0000022c4ac64000 	C:\Users\Normita_Dell\.openjfx\cache\21+31\amd64\api-ms-win-crt-runtime-l1-1-0.dll
0x0000022c4ac70000 - 0x0000022c4ac74000 	C:\Users\Normita_Dell\.openjfx\cache\21+31\amd64\api-ms-win-crt-stdio-l1-1-0.dll
0x0000022c4ac80000 - 0x0000022c4ac84000 	C:\Users\Normita_Dell\.openjfx\cache\21+31\amd64\api-ms-win-crt-string-l1-1-0.dll
0x0000022c4ac90000 - 0x0000022c4ac93000 	C:\Users\Normita_Dell\.openjfx\cache\21+31\amd64\api-ms-win-crt-time-l1-1-0.dll
0x0000022c4aca0000 - 0x0000022c4aca3000 	C:\Users\Normita_Dell\.openjfx\cache\21+31\amd64\api-ms-win-crt-utility-l1-1-0.dll
0x00007ffc04290000 - 0x00007ffc0438c000 	C:\Users\Normita_Dell\.openjfx\cache\21+31\amd64\ucrtbase.dll
0x00007ffc3ef90000 - 0x00007ffc3efab000 	C:\Users\Normita_Dell\.openjfx\cache\21+31\amd64\vcruntime140.dll
0x00007ffc4deb0000 - 0x00007ffc4debc000 	C:\Users\Normita_Dell\.openjfx\cache\21+31\amd64\vcruntime140_1.dll
0x00007ffc1bd50000 - 0x00007ffc1bdde000 	C:\Users\Normita_Dell\.openjfx\cache\21+31\amd64\msvcp140.dll
0x00007ffc5a4d0000 - 0x00007ffc5a675000 	C:\Windows\System32\ole32.dll
0x00007ffc4af20000 - 0x00007ffc4af29000 	C:\Users\Normita_Dell\.openjfx\cache\21+31\amd64\msvcp140_1.dll
0x00007ffc1a4a0000 - 0x00007ffc1a4cf000 	C:\Users\Normita_Dell\.openjfx\cache\21+31\amd64\msvcp140_2.dll
0x00007ffc1a470000 - 0x00007ffc1a49f000 	C:\Users\Normita_Dell\.openjfx\cache\21+31\amd64\prism_d3d.dll
0x00007ffc0cf50000 - 0x00007ffc0d0f9000 	C:\Windows\system32\d3d9.dll
0x00007ffc55c40000 - 0x00007ffc55c6b000 	C:\Windows\SYSTEM32\dwmapi.dll
0x00007ffc55910000 - 0x00007ffc55949000 	C:\Windows\SYSTEM32\dxcore.dll
0x00007ffc55800000 - 0x00007ffc558ab000 	C:\Windows\system32\uxtheme.dll
0x00007ffc0c4e0000 - 0x00007ffc0cf4e000 	C:\Windows\SYSTEM32\igdumdim64.dll
0x00007ffc487b0000 - 0x00007ffc48c0f000 	C:\Windows\SYSTEM32\igdusc64.dll
0x00007ffc50500000 - 0x00007ffc5054a000 	C:\Windows\SYSTEM32\directxdatabasehelper.dll
0x00007ffc191f0000 - 0x00007ffc19232000 	C:\Users\Normita_Dell\.openjfx\cache\21+31\amd64\glass.dll
0x00007ffc5ac00000 - 0x00007ffc5acf7000 	C:\Windows\System32\COMDLG32.dll
0x00007ffc59d30000 - 0x00007ffc59e83000 	C:\Windows\System32\MSCTF.dll
0x00007ffc1a420000 - 0x00007ffc1a434000 	C:\Users\Normita_Dell\.openjfx\cache\21+31\amd64\javafx_font.dll
0x00007ffc53da0000 - 0x00007ffc54014000 	C:\Windows\SYSTEM32\dwrite.dll
0x00007ffc56dc0000 - 0x00007ffc56eb8000 	C:\Windows\SYSTEM32\DNSAPI.dll
0x00007ffc56d50000 - 0x00007ffc56d7d000 	C:\Windows\SYSTEM32\IPHLPAPI.DLL
0x00007ffc59d20000 - 0x00007ffc59d29000 	C:\Windows\System32\NSI.dll
0x00007ffc4cab0000 - 0x00007ffc4caba000 	C:\Windows\System32\rasadhlp.dll
0x00007ffc4d500000 - 0x00007ffc4d583000 	C:\Windows\System32\fwpuclnt.dll
0x00007ffc2e800000 - 0x00007ffc2e80e000 	C:\Users\Normita_Dell\.jdks\openjdk-21.0.2\bin\sunmscapi.dll
0x00007ffc58a30000 - 0x00007ffc58b98000 	C:\Windows\System32\CRYPT32.dll
0x00007ffc57b40000 - 0x00007ffc57b6e000 	C:\Windows\SYSTEM32\ncrypt.dll
0x00007ffc57b00000 - 0x00007ffc57b37000 	C:\Windows\SYSTEM32\NTASN1.dll
0x00007ffc579b0000 - 0x00007ffc579cb000 	C:\Windows\SYSTEM32\CRYPTSP.dll
0x00007ffc57230000 - 0x00007ffc57265000 	C:\Windows\system32\rsaenh.dll
0x00007ffc57840000 - 0x00007ffc57868000 	C:\Windows\SYSTEM32\USERENV.dll
0x00007ffc579a0000 - 0x00007ffc579ac000 	C:\Windows\SYSTEM32\CRYPTBASE.dll
0x00007ffc5ad00000 - 0x00007ffc5adb0000 	C:\Windows\System32\clbcatq.dll
0x00007ffc53aa0000 - 0x00007ffc53c50000 	C:\Windows\SYSTEM32\WindowsCodecs.dll
0x00007ffc3b7c0000 - 0x00007ffc3b81e000 	C:\Windows\system32\dataexchange.dll
0x00007ffc4b4e0000 - 0x00007ffc4b76b000 	C:\Windows\system32\twinapi.appcore.dll
0x00007ffc192c0000 - 0x00007ffc192f2000 	C:\Program Files\Common Files\Microsoft Shared\Ink\rtscom.dll

dbghelp: loaded successfully - version: 4.0.5 - missing functions: none
symbol engine: initialized successfully - sym options: 0x614 - pdb path: .;C:\Users\Normita_Dell\.jdks\openjdk-21.0.2\bin;C:\Windows\SYSTEM32;C:\Windows\WinSxS\amd64_microsoft.windows.common-controls_6595b64144ccf1df_6.0.22621.3527_none_270e469b73872a76;C:\Users\Normita_Dell\.jdks\openjdk-21.0.2\bin\server;C:\Program Files\JetBrains\IntelliJ IDEA 2023.3.3\bin;C:\Users\Normita_Dell\.openjfx\cache\21+31\amd64;C:\Program Files\Common Files\Microsoft Shared\Ink

VM Arguments:
jvm_args: -javaagent:C:\Program Files\JetBrains\IntelliJ IDEA 2023.3.3\lib\idea_rt.jar=57399:C:\Program Files\JetBrains\IntelliJ IDEA 2023.3.3\bin -Dfile.encoding=UTF-8 -Dsun.stdout.encoding=UTF-8 -Dsun.stderr.encoding=UTF-8 --module-path=C:\Users\Normita_Dell\.m2\repository\org\openjfx\javafx-graphics\21\javafx-graphics-21-win.jar;C:\Users\Normita_Dell\.m2\repository\org\openjfx\javafx-controls\21\javafx-controls-21-win.jar;C:\Users\Normita_Dell\.m2\repository\org\openjfx\javafx-base\21\javafx-base-21-win.jar;C:\Users\Normita_Dell\.m2\repository\org\openjfx\javafx-fxml\21\javafx-fxml-21-win.jar;C:\Users\Normita_Dell\Documents\Universidad\4 semestre\ProyectoPorga\ProyectoPorga\target\classes -Djdk.module.main=ejemplos2024.proyectoporga 
java_command: ejemplos2024.proyectoporga/ejemplos2024.proyectoporga.UI.InterfazAcademiaCoordinador
java_class_path (initial): C:\Users\Normita_Dell\.m2\repository\org\openjfx\javafx-controls\21\javafx-controls-21.jar;C:\Users\Normita_Dell\.m2\repository\org\openjfx\javafx-graphics\21\javafx-graphics-21.jar;C:\Users\Normita_Dell\.m2\repository\org\openjfx\javafx-base\21\javafx-base-21.jar;C:\Users\Normita_Dell\.m2\repository\org\openjfx\javafx-fxml\21\javafx-fxml-21.jar;C:\Users\Normita_Dell\.m2\repository\org\apache\pdfbox\pdfbox\2.0.26\pdfbox-2.0.26.jar;C:\Users\Normita_Dell\.m2\repository\org\apache\pdfbox\fontbox\2.0.26\fontbox-2.0.26.jar;C:\Users\Normita_Dell\.m2\repository\commons-logging\commons-logging\1.2\commons-logging-1.2.jar;C:\Users\Normita_Dell\.m2\repository\mysql\mysql-connector-java\8.0.30\mysql-connector-java-8.0.30.jar;C:\Users\Normita_Dell\.m2\repository\com\google\protobuf\protobuf-java\3.19.4\protobuf-java-3.19.4.jar
Launcher Type: SUN_STANDARD

[Global flags]
     intx CICompilerCount                          = 3                                         {product} {ergonomic}
     uint ConcGCThreads                            = 1                                         {product} {ergonomic}
     uint G1ConcRefinementThreads                  = 4                                         {product} {ergonomic}
   size_t G1HeapRegionSize                         = 1048576                                   {product} {ergonomic}
    uintx GCDrainStackTargetSize                   = 64                                        {product} {ergonomic}
   size_t InitialHeapSize                          = 134217728                                 {product} {ergonomic}
   size_t MarkStackSize                            = 4194304                                   {product} {ergonomic}
   size_t MaxHeapSize                              = 2116026368                                {product} {ergonomic}
   size_t MaxNewSize                               = 1268776960                                {product} {ergonomic}
   size_t MinHeapDeltaBytes                        = 1048576                                   {product} {ergonomic}
   size_t MinHeapSize                              = 8388608                                   {product} {ergonomic}
    uintx NonNMethodCodeHeapSize                   = 5832780                                {pd product} {ergonomic}
    uintx NonProfiledCodeHeapSize                  = 122912730                              {pd product} {ergonomic}
    uintx ProfiledCodeHeapSize                     = 122912730                              {pd product} {ergonomic}
    uintx ReservedCodeCacheSize                    = 251658240                              {pd product} {ergonomic}
     bool SegmentedCodeCache                       = true                                      {product} {ergonomic}
   size_t SoftMaxHeapSize                          = 2116026368                             {manageable} {ergonomic}
     bool UseCompressedOops                        = true                           {product lp64_product} {ergonomic}
     bool UseG1GC                                  = true                                      {product} {ergonomic}
     bool UseLargePagesIndividualAllocation        = false                                  {pd product} {ergonomic}

Logging:
Log output configuration:
 #0: stdout all=warning uptime,level,tags foldmultilines=false
 #1: stderr all=off uptime,level,tags foldmultilines=false

Environment Variables:
PATH=C:\Program Files (x86)\Common Files\Oracle\Java\javapath;C:\Windows\system32;C:\Windows;C:\Windows\System32\Wbem;C:\Windows\System32\WindowsPowerShell\v1.0\;C:\Windows\System32\OpenSSH\;C:\Program Files\Java\jdk-1.8\bin;C:\TDM-GCC-64\bin;C:\Program Files\Git\cmd;C:\Program Files\PuTTY\;C:\Program Files (x86)\Microsoft SQL Server\160\Tools\Binn\;C:\Program Files\Microsoft SQL Server\160\Tools\Binn\;C:\Program Files\Microsoft SQL Server\Client SDK\ODBC\170\Tools\Binn\;C:\Program Files\Microsoft SQL Server\160\DTS\Binn\;C:\Program Files (x86)\Microsoft SQL Server\160\DTS\Binn\;C:\Program Files\swipl\bin;C:\Users\Normita_Dell\AppData\Local\Microsoft\WindowsApps;;C:\Users\Normita_Dell\AppData\Local\Programs\Microsoft VS Code\bin
USERNAME=Normita_Dell
OS=Windows_NT
PROCESSOR_IDENTIFIER=Intel64 Family 6 Model 58 Stepping 9, GenuineIntel
TMP=C:\Users\NORMIT~1\AppData\Local\Temp
TEMP=C:\Users\NORMIT~1\AppData\Local\Temp




Periodic native trim disabled

---------------  S Y S T E M  ---------------

OS:
 Windows 11 , 64 bit Build 22621 (10.0.22621.3527)
OS uptime: 0 days 21:59 hours

CPU: total 4 (initial active 4) (2 cores per cpu, 2 threads per core) family 6 model 58 stepping 9 microcode 0x21, cx8, cmov, fxsr, ht, mmx, sse, sse2, sse3, ssse3, sse4.1, sse4.2, popcnt, tsc, tscinvbit, avx, aes, erms, clmul, vzeroupper, clflush, rdtscp, f16c
Processor Information for all 4 processors :
  Max Mhz: 1701, Current Mhz: 1701, Mhz Limit: 1701

Memory: 4k page, system-wide physical 8067M (1367M free)
TotalPageFile size 16122M (AvailPageFile size 2940M)
current process WorkingSet (physical memory assigned to process): 168M, peak: 168M
current process commit charge ("private bytes"): 264M, peak: 265M

vm_info: OpenJDK 64-Bit Server VM (21.0.2+13-58) for windows-amd64 JRE (21.0.2+13-58), built on 2024-01-05T18:32:24Z by "mach5one" with MS VC++ 17.1 (VS2022)

END.
